<?xml version="1.0" encoding="UTF-8"?>
<!-- Generated by org.testng.reporters.JUnitXMLReporter -->
<testsuite ignored="0" hostname="ShashankSurface" failures="1" tests="1" name="Test" time="2.6" errors="0" timestamp="2025-03-03T11:07:48 IST">
  <testcase classname="Payin.Routing.Payin_OpenApi" name="Direct_Transfer" time="2.117">
    <failure type="java.lang.NullPointerException" message="Cannot invoke &amp;quot;String.getBytes(java.nio.charset.Charset)&amp;quot; because &amp;quot;src&amp;quot; is null">
      <![CDATA[java.lang.NullPointerException: Cannot invoke "String.getBytes(java.nio.charset.Charset)" because "src" is null
at java.base/java.util.Base64$Decoder.decode(Base64.java:593)
at Payin.Routing.Payin_OpenApi.Direct_Transfer(Payin_OpenApi.java:100)
at java.base/java.util.ArrayList.forEach(ArrayList.java:1597)
... Removed 25 stack frames]]>
    </failure>
  </testcase> <!-- Direct_Transfer -->
</testsuite> <!-- Test -->
