<?xml version="1.0" encoding="UTF-8"?>
<testsuite xmlns:xsi="http://www.w3.org/2001/XMLSchema-instance" xsi:noNamespaceSchemaLocation="https://maven.apache.org/surefire/maven-surefire-plugin/xsd/surefire-test-report-3.0.xsd" version="3.0" name="TestSuite" time="2.771" tests="1" errors="0" skipped="0" failures="0">
  <properties>
[...]
</properties>
  <testcase name="Direct_Transfer" classname="Payin.Routing.Payin_OpenApi" time="1.958">
    <system-out><![CDATA[Response: {"msg":"Invalid Api key or Ip address not whitelisted or invalid json format"}
Generated Hash: 235c3034dd865759687a9b190eab713f1241b194ec6d1259794d6ba14169b159
❌ INTENT value is null or empty in the response!
]]></system-out>
    <system-err><![CDATA[SLF4J: Failed to load class "org.slf4j.impl.StaticLoggerBinder".
SLF4J: Defaulting to no-operation (NOP) logger implementation
SLF4J: See http://www.slf4j.org/codes.html#StaticLoggerBinder for further details.
]]></system-err>
  </testcase>
</testsuite>