<?xml version="1.0" encoding="UTF-8"?>
<testng-results ignored="0" total="1" passed="1" failed="0" skipped="0">
  <reporter-output>
  </reporter-output>
  <suite started-at="2025-02-28T15:02:52 IST" name="Default suite" finished-at="2025-02-28T15:02:56 IST" duration-ms="3856">
    <groups>
    </groups>
    <test started-at="2025-02-28T15:02:52 IST" name="Default test" finished-at="2025-02-28T15:02:56 IST" duration-ms="3856">
      <class name="Payin.Routing.Payin_OpenApi">
        <test-method is-config="true" signature="beforeMethod()[pri:0, instance:Payin.Routing.Payin_OpenApi@7e07db1f]" started-at="2025-02-28T15:02:52 IST" name="beforeMethod" finished-at="2025-02-28T15:02:53 IST" duration-ms="438" status="PASS">
          <reporter-output>
          </reporter-output>
        </test-method> <!-- beforeMethod -->
        <test-method signature="Direct_Transfer()[pri:0, instance:Payin.Routing.Payin_OpenApi@7e07db1f]" started-at="2025-02-28T15:02:53 IST" name="Direct_Transfer" finished-at="2025-02-28T15:02:56 IST" duration-ms="3379" status="PASS">
          <reporter-output>
          </reporter-output>
        </test-method> <!-- Direct_Transfer -->
      </class> <!-- Payin.Routing.Payin_OpenApi -->
    </test> <!-- Default test -->
  </suite> <!-- Default suite -->
</testng-results>
