<?xml version="1.0" encoding="UTF-8"?>
<testng-results ignored="0" total="1" passed="1" failed="0" skipped="0">
  <reporter-output>
  </reporter-output>
  <suite started-at="2025-03-03T11:30:26 IST" name="Default suite" finished-at="2025-03-03T11:30:28 IST" duration-ms="2483">
    <groups>
    </groups>
    <test started-at="2025-03-03T11:30:26 IST" name="Default test" finished-at="2025-03-03T11:30:28 IST" duration-ms="2483">
      <class name="Payin.Routing.Payin_OpenApi">
        <test-method is-config="true" signature="beforeMethod()[pri:0, instance:Payin.Routing.Payin_OpenApi@2f7298b]" started-at="2025-03-03T11:30:26 IST" name="beforeMethod" finished-at="2025-03-03T11:30:26 IST" duration-ms="368" status="PASS">
          <reporter-output>
          </reporter-output>
        </test-method> <!-- beforeMethod -->
        <test-method signature="Direct_Transfer()[pri:0, instance:Payin.Routing.Payin_OpenApi@2f7298b]" started-at="2025-03-03T11:30:26 IST" name="Direct_Transfer" finished-at="2025-03-03T11:30:28 IST" duration-ms="2077" status="PASS">
          <reporter-output>
          </reporter-output>
        </test-method> <!-- Direct_Transfer -->
      </class> <!-- Payin.Routing.Payin_OpenApi -->
    </test> <!-- Default test -->
  </suite> <!-- Default suite -->
</testng-results>
